#
# There is insufficient memory for the Java Runtime Environment to continue.
# Native memory allocation (malloc) failed to allocate 1429936 bytes for Chunk::new
# Possible reasons:
#   The system is out of physical RAM or swap space
#   The process is running with CompressedOops enabled, and the Java Heap may be blocking the growth of the native heap
# Possible solutions:
#   Reduce memory load on the system
#   Increase physical memory or swap space
#   Check if swap backing store is full
#   Decrease Java heap size (-Xmx/-Xms)
#   Decrease number of Java threads
#   Decrease Java thread stack sizes (-Xss)
#   Set larger code cache with -XX:ReservedCodeCacheSize=
#   JVM is running with Unscaled Compressed Oops mode in which the Java heap is
#     placed in the first 4GB address space. The Java Heap base address is the
#     maximum limit for the native heap growth. Please use -XX:HeapBaseMinAddress
#     to set the Java Heap base and to place the Java Heap above 4GB virtual address.
# This output file may be truncated or incomplete.
#
#  Out of Memory Error (allocation.cpp:389), pid=12560, tid=0x0000000000002a68
#
# JRE version: OpenJDK Runtime Environment (8.0_202-b03) (build 1.8.0_202-release-1483-b03)
# Java VM: OpenJDK 64-Bit Server VM (25.202-b03 mixed mode windows-amd64 compressed oops)
# Failed to write core dump. Minidumps are not enabled by default on client versions of Windows
#

---------------  T H R E A D  ---------------

Current thread (0x0000000016860000):  JavaThread "C2 CompilerThread1" daemon [_thread_in_native, id=10856, stack(0x0000000017fa0000,0x00000000180a0000)]

Stack: [0x0000000017fa0000,0x00000000180a0000]
[error occurred during error reporting (printing stack bounds), id 0xc0000005]

Native frames: (J=compiled Java code, j=interpreted, Vv=VM code, C=native code)


Current CompileTask:
C2:4293752 28612   !   4       com.android.ide.common.resources.DataMerger::mergeData (611 bytes)


---------------  P R O C E S S  ---------------

Java Threads: ( => current thread )
  0x000000001b6f2800 JavaThread "stdout" daemon [_thread_in_native, id=14628, stack(0x0000000028a10000,0x0000000028b10000)]
  0x000000001b6ef800 JavaThread "stderr" daemon [_thread_in_native, id=14784, stack(0x0000000027e10000,0x0000000027f10000)]
  0x000000001b6f1800 JavaThread "stdout" daemon [_thread_in_native, id=9792, stack(0x0000000028040000,0x0000000028140000)]
  0x000000001b6ee000 JavaThread "stderr" daemon [_thread_in_native, id=1912, stack(0x0000000027f40000,0x0000000028040000)]
  0x000000001b6f1000 JavaThread "pool-23-thread-1" [_thread_blocked, id=11628, stack(0x0000000027b10000,0x0000000027c10000)]
  0x000000001b6f3000 JavaThread "ForkJoinPool.commonPool-worker-2" daemon [_thread_blocked, id=15196, stack(0x0000000027410000,0x0000000027510000)]
  0x000000001b6e6000 JavaThread "ForkJoinPool.commonPool-worker-1" daemon [_thread_blocked, id=14152, stack(0x0000000027210000,0x0000000027310000)]
  0x000000001b6ed000 JavaThread "ForkJoinPool.commonPool-worker-0" daemon [_thread_blocked, id=9196, stack(0x0000000027110000,0x0000000027210000)]
  0x000000001b6e5800 JavaThread "Cache worker for Build Output Cleanup Cache (C:\Users\Vince\Desktop\new\android-kotlin-fundamentals-apps\AndroidTriviaNavigation\.gradle\buildOutputCleanup)" [_thread_blocked, id=3744, stack(0x0000000027010000,0x0000000027110000)]
  0x000000001b6e4800 JavaThread "Cache worker for task history cache (C:\Users\Vince\Desktop\new\android-kotlin-fundamentals-apps\AndroidTriviaNavigation\.gradle\4.10.1\taskHistory)" [_thread_blocked, id=9948, stack(0x0000000026f10000,0x0000000027010000)]
  0x000000001b6e9000 JavaThread "Task worker for ':' Thread 3" [_thread_blocked, id=2968, stack(0x0000000026e10000,0x0000000026f10000)]
  0x000000001b6eb800 JavaThread "Task worker for ':' Thread 2" [_thread_blocked, id=1580, stack(0x0000000026910000,0x0000000026a10000)]
  0x0000000025982000 JavaThread "Task worker for ':'" [_thread_blocked, id=928, stack(0x0000000026510000,0x0000000026610000)]
  0x0000000025981800 JavaThread "Cache worker for file content cache (C:\Users\Vince\Desktop\new\android-kotlin-fundamentals-apps\AndroidTriviaNavigation\.gradle\4.10.1\fileContent)" [_thread_blocked, id=5904, stack(0x0000000026110000,0x0000000026210000)]
  0x000000002597f000 JavaThread "Build operations Thread 4" [_thread_blocked, id=9480, stack(0x0000000026010000,0x0000000026110000)]
  0x0000000025980800 JavaThread "Build operations Thread 3" [_thread_blocked, id=12576, stack(0x0000000024340000,0x0000000024440000)]
  0x000000002597e800 JavaThread "Build operations Thread 2" [_thread_blocked, id=2648, stack(0x00000000237e0000,0x00000000238e0000)]
  0x000000002597d800 JavaThread "Build operations" [_thread_blocked, id=1432, stack(0x0000000020c10000,0x0000000020d10000)]
  0x0000000025977000 JavaThread "Cache worker for cache directory md-rule (C:\Users\Vince\.gradle\caches\4.10.1\md-rule)" [_thread_blocked, id=12844, stack(0x000000001ec90000,0x000000001ed90000)]
  0x000000002597d000 JavaThread "Cache worker for cache directory md-supplier (C:\Users\Vince\.gradle\caches\4.10.1\md-supplier)" [_thread_blocked, id=14120, stack(0x000000001e160000,0x000000001e260000)]
  0x000000002597c000 JavaThread "Cache worker for file hash cache (C:\Users\Vince\Desktop\new\android-kotlin-fundamentals-apps\AndroidTriviaNavigation\.gradle\4.10.1\fileHashes)" [_thread_blocked, id=13624, stack(0x000000001acf0000,0x000000001adf0000)]
  0x0000000025974000 JavaThread "Stdin handler" [_thread_blocked, id=8480, stack(0x000000001abf0000,0x000000001acf0000)]
  0x000000002597a800 JavaThread "Asynchronous log dispatcher for DefaultDaemonConnection: socket connection from /127.0.0.1:51127 to /127.0.0.1:60264" [_thread_blocked, id=11784, stack(0x000000001a8f0000,0x000000001a9f0000)]
  0x000000002597a000 JavaThread "Daemon worker Thread 8" [_thread_blocked, id=14216, stack(0x000000001a7f0000,0x000000001a8f0000)]
  0x0000000025976000 JavaThread "Cancel handler" [_thread_blocked, id=5592, stack(0x00000000012f0000,0x00000000013f0000)]
  0x0000000025979000 JavaThread "Handler for socket connection from /127.0.0.1:51127 to /127.0.0.1:60264" [_thread_in_native, id=14572, stack(0x00000000011f0000,0x00000000012f0000)]
  0x0000000025973000 JavaThread "Daemon Thread 8" [_thread_blocked, id=6684, stack(0x0000000000fd0000,0x00000000010d0000)]
  0x000000001c400000 JavaThread "Cache worker for Java compile cache (C:\Users\Vince\.gradle\caches\4.10.1\javaCompile)" [_thread_blocked, id=7792, stack(0x0000000028b10000,0x0000000028c10000)]
  0x000000001fccd800 JavaThread "RMI Reaper" [_thread_blocked, id=8424, stack(0x0000000028510000,0x0000000028610000)]
  0x000000001fccf000 JavaThread "RMI TCP Accept-0" daemon [_thread_in_native, id=12396, stack(0x0000000028410000,0x0000000028510000)]
  0x000000001fcc4800 JavaThread "GC Daemon" daemon [_thread_blocked, id=10800, stack(0x0000000028310000,0x0000000028410000)]
  0x000000001fcc8000 JavaThread "RMI Scheduler(0)" daemon [_thread_blocked, id=12184, stack(0x0000000027310000,0x0000000027410000)]
  0x000000001c409000 JavaThread "Cache worker for file content cache (C:\Users\Vince\.gradle\caches\4.10.1\fileContent)" [_thread_blocked, id=9908, stack(0x0000000026810000,0x0000000026910000)]
  0x000000001c401800 JavaThread "pool-1-thread-1" [_thread_blocked, id=13472, stack(0x000000001e760000,0x000000001e860000)]
  0x000000001c3ff800 JavaThread "Memory manager" [_thread_blocked, id=3012, stack(0x00000000234e0000,0x00000000235e0000)]
  0x0000000019ab1000 JavaThread "Cache worker for Artifact transforms cache (C:\Users\Vince\.gradle\caches\transforms-1)" [_thread_blocked, id=12412, stack(0x00000000201f0000,0x00000000202f0000)]
  0x0000000019ab2800 JavaThread "Cache worker for journal cache (C:\Users\Vince\.gradle\caches\journal-1)" [_thread_blocked, id=9472, stack(0x000000001e260000,0x000000001e360000)]
  0x000000001bf35000 JavaThread "File lock request listener" [_thread_in_native, id=5628, stack(0x000000001e990000,0x000000001ea90000)]
  0x000000001c473000 JavaThread "Cache worker for file hash cache (C:\Users\Vince\.gradle\caches\4.10.1\fileHashes)" [_thread_blocked, id=10844, stack(0x000000001e890000,0x000000001e990000)]
  0x0000000018251800 JavaThread "Daemon periodic checks" [_thread_blocked, id=14108, stack(0x000000001a6f0000,0x000000001a7f0000)]
  0x0000000019ac6800 JavaThread "Incoming local TCP Connector on port 51127" [_thread_in_native, id=13096, stack(0x000000001a4b0000,0x000000001a5b0000)]
  0x00000000168ae000 JavaThread "Service Thread" daemon [_thread_blocked, id=12076, stack(0x00000000185a0000,0x00000000186a0000)]
  0x0000000016861000 JavaThread "C1 CompilerThread2" daemon [_thread_blocked, id=5776, stack(0x00000000180a0000,0x00000000181a0000)]
=>0x0000000016860000 JavaThread "C2 CompilerThread1" daemon [_thread_in_native, id=10856, stack(0x0000000017fa0000,0x00000000180a0000)]
  0x0000000016848800 JavaThread "C2 CompilerThread0" daemon [_thread_blocked, id=11052, stack(0x0000000017ea0000,0x0000000017fa0000)]
  0x0000000016856800 JavaThread "Attach Listener" daemon [_thread_blocked, id=14320, stack(0x0000000017da0000,0x0000000017ea0000)]
  0x0000000016855000 JavaThread "Signal Dispatcher" daemon [_thread_blocked, id=9016, stack(0x0000000017ca0000,0x0000000017da0000)]
  0x0000000002edb000 JavaThread "Finalizer" daemon [_thread_blocked, id=3460, stack(0x0000000017aa0000,0x0000000017ba0000)]
  0x0000000016839000 JavaThread "Reference Handler" daemon [_thread_blocked, id=6356, stack(0x00000000179a0000,0x0000000017aa0000)]
  0x00000000014ee000 JavaThread "main" [_thread_blocked, id=7256, stack(0x0000000002cb0000,0x0000000002db0000)]

Other Threads:
  0x0000000016817000 VMThread [stack: 0x00000000178a0000,0x00000000179a0000] [id=11964]
  0x00000000181ce000 WatcherThread [stack: 0x00000000186a0000,0x00000000187a0000] [id=1700]

VM state:not at safepoint (normal execution)

VM Mutex/Monitor currently owned by a thread: None

heap address: 0x00000000a0000000, size: 1536 MB, Compressed Oops mode: 32-bit
Narrow klass base: 0x0000000000000000, Narrow klass shift: 3
Compressed class space size: 1073741824 Address: 0x0000000100000000

Heap:
 PSYoungGen      total 456192K, used 178819K [0x00000000e0000000, 0x00000000fff80000, 0x0000000100000000)
  eden space 388096K, 46% used [0x00000000e0000000,0x00000000eaea0c40,0x00000000f7b00000)
  from space 68096K, 0% used [0x00000000f7b00000,0x00000000f7b00000,0x00000000fbd80000)
  to   space 66560K, 0% used [0x00000000fbe80000,0x00000000fbe80000,0x00000000fff80000)
 ParOldGen       total 337408K, used 72537K [0x00000000a0000000, 0x00000000b4980000, 0x00000000e0000000)
  object space 337408K, 21% used [0x00000000a0000000,0x00000000a46d6698,0x00000000b4980000)
 Metaspace       used 129914K, capacity 136317K, committed 138048K, reserved 1169408K
  class space    used 16400K, capacity 17608K, committed 17984K, reserved 1048576K

Card table byte_map: [0x00000000122a0000,0x00000000125b0000] byte_map_base: 0x0000000011da0000

Marking Bits: (ParMarkBitMap*) 0x0000000075d29f30
 Begin Bits: [0x0000000012bb0000, 0x00000000143b0000)
 End Bits:   [0x00000000143b0000, 0x0000000015bb0000)

Polling page: 0x0000000000be0000

CodeCache: size=245760Kb used=78395Kb max_used=78469Kb free=167364Kb
 bounds [0x0000000002ee0000, 0x0000000007c70000, 0x0000000011ee0000]
 total_blobs=23075 nmethods=22104 adapters=883
 compilation: enabled

Compilation events (10 events):
Event: 4293.171 Thread 0x0000000016861000 nmethod 28640 0x00000000032a2310 code [0x00000000032a2560, 0x00000000032a3238]
Event: 4293.175 Thread 0x0000000016861000 28641       3       com.sun.org.apache.xerces.internal.dom.CoreDocumentImpl::freeNodeListCache (14 bytes)
Event: 4293.175 Thread 0x0000000016861000 nmethod 28641 0x00000000037edc50 code [0x00000000037edda0, 0x00000000037edf30]
Event: 4293.429 Thread 0x0000000016848800 nmethod 28618 0x0000000007c580d0 code [0x0000000007c58680, 0x0000000007c5fe10]
Event: 4293.429 Thread 0x0000000016848800 28623       4       com.google.gson.stream.JsonWriter::beforeValue (134 bytes)
Event: 4293.442 Thread 0x0000000016848800 nmethod 28623 0x000000000637e6d0 code [0x000000000637e880, 0x000000000637f3b0]
Event: 4293.442 Thread 0x0000000016848800 28617       4       com.sun.org.apache.xerces.internal.dom.DeferredTextImpl::synchronizeData (47 bytes)
Event: 4293.448 Thread 0x0000000016848800 nmethod 28617 0x000000000493d350 code [0x000000000493d4c0, 0x000000000493d7a8]
Event: 4293.448 Thread 0x0000000016848800 28592       4       com.google.common.base.Splitter$SplittingIterator::<init> (39 bytes)
Event: 4293.449 Thread 0x0000000016848800 nmethod 28592 0x0000000006568c10 code [0x0000000006568d40, 0x0000000006568df8]

GC Heap History (10 events):
Event: 3438.372 GC heap before
{Heap before GC invocations=43 (full 5):
 PSYoungGen      total 437760K, used 374132K [0x00000000e0000000, 0x00000000ff880000, 0x0000000100000000)
  eden space 365568K, 100% used [0x00000000e0000000,0x00000000f6500000,0x00000000f6500000)
  from space 72192K, 11% used [0x00000000f6500000,0x00000000f6d5d1c0,0x00000000fab80000)
  to   space 69632K, 0% used [0x00000000fb480000,0x00000000fb480000,0x00000000ff880000)
 ParOldGen       total 337408K, used 179408K [0x00000000a0000000, 0x00000000b4980000, 0x00000000e0000000)
  object space 337408K, 53% used [0x00000000a0000000,0x00000000aaf34118,0x00000000b4980000)
 Metaspace       used 129672K, capacity 136541K, committed 136640K, reserved 1167360K
  class space    used 16473K, capacity 17812K, committed 17856K, reserved 1048576K
Event: 3438.412 GC heap after
Heap after GC invocations=43 (full 5):
 PSYoungGen      total 449024K, used 25442K [0x00000000e0000000, 0x00000000ff780000, 0x0000000100000000)
  eden space 380416K, 0% used [0x00000000e0000000,0x00000000e0000000,0x00000000f7380000)
  from space 68608K, 37% used [0x00000000fb480000,0x00000000fcd58b28,0x00000000ff780000)
  to   space 66560K, 0% used [0x00000000f7380000,0x00000000f7380000,0x00000000fb480000)
 ParOldGen       total 337408K, used 179416K [0x00000000a0000000, 0x00000000b4980000, 0x00000000e0000000)
  object space 337408K, 53% used [0x00000000a0000000,0x00000000aaf36118,0x00000000b4980000)
 Metaspace       used 129672K, capacity 136541K, committed 136640K, reserved 1167360K
  class space    used 16473K, capacity 17812K, committed 17856K, reserved 1048576K
}
Event: 3453.429 GC heap before
{Heap before GC invocations=44 (full 5):
 PSYoungGen      total 449024K, used 402507K [0x00000000e0000000, 0x00000000ff780000, 0x0000000100000000)
  eden space 380416K, 99% used [0x00000000e0000000,0x00000000f703a340,0x00000000f7380000)
  from space 68608K, 37% used [0x00000000fb480000,0x00000000fcd58b28,0x00000000ff780000)
  to   space 66560K, 0% used [0x00000000f7380000,0x00000000f7380000,0x00000000fb480000)
 ParOldGen       total 337408K, used 179416K [0x00000000a0000000, 0x00000000b4980000, 0x00000000e0000000)
  object space 337408K, 53% used [0x00000000a0000000,0x00000000aaf36118,0x00000000b4980000)
 Metaspace       used 130132K, capacity 137025K, committed 137152K, reserved 1169408K
  class space    used 16497K, capacity 17842K, committed 17856K, reserved 1048576K
Event: 3453.496 GC heap after
Heap after GC invocations=44 (full 5):
 PSYoungGen      total 446976K, used 35347K [0x00000000e0000000, 0x00000000fff00000, 0x0000000100000000)
  eden space 380416K, 0% used [0x00000000e0000000,0x00000000e0000000,0x00000000f7380000)
  from space 66560K, 53% used [0x00000000f7380000,0x00000000f9604ec0,0x00000000fb480000)
  to   space 67072K, 0% used [0x00000000fbd80000,0x00000000fbd80000,0x00000000fff00000)
 ParOldGen       total 337408K, used 179416K [0x00000000a0000000, 0x00000000b4980000, 0x00000000e0000000)
  object space 337408K, 53% used [0x00000000a0000000,0x00000000aaf36118,0x00000000b4980000)
 Metaspace       used 130132K, capacity 137025K, committed 137152K, reserved 1169408K
  class space    used 16497K, capacity 17842K, committed 17856K, reserved 1048576K
}
Event: 3455.870 GC heap before
{Heap before GC invocations=45 (full 5):
 PSYoungGen      total 446976K, used 415763K [0x00000000e0000000, 0x00000000fff00000, 0x0000000100000000)
  eden space 380416K, 100% used [0x00000000e0000000,0x00000000f7380000,0x00000000f7380000)
  from space 66560K, 53% used [0x00000000f7380000,0x00000000f9604ec0,0x00000000fb480000)
  to   space 67072K, 0% used [0x00000000fbd80000,0x00000000fbd80000,0x00000000fff00000)
 ParOldGen       total 337408K, used 179416K [0x00000000a0000000, 0x00000000b4980000, 0x00000000e0000000)
  object space 337408K, 53% used [0x00000000a0000000,0x00000000aaf36118,0x00000000b4980000)
 Metaspace       used 130570K, capacity 137531K, committed 137792K, reserved 1169408K
  class space    used 16537K, capacity 17879K, committed 17984K, reserved 1048576K
Event: 3455.895 GC heap after
Heap after GC invocations=45 (full 5):
 PSYoungGen      total 455168K, used 37296K [0x00000000e0000000, 0x0000000100000000, 0x0000000100000000)
  eden space 388096K, 0% used [0x00000000e0000000,0x00000000e0000000,0x00000000f7b00000)
  from space 67072K, 55% used [0x00000000fbd80000,0x00000000fe1ec180,0x00000000fff00000)
  to   space 68096K, 0% used [0x00000000f7b00000,0x00000000f7b00000,0x00000000fbd80000)
 ParOldGen       total 337408K, used 179424K [0x00000000a0000000, 0x00000000b4980000, 0x00000000e0000000)
  object space 337408K, 53% used [0x00000000a0000000,0x00000000aaf38118,0x00000000b4980000)
 Metaspace       used 130570K, capacity 137531K, committed 137792K, reserved 1169408K
  class space    used 16537K, capacity 17879K, committed 17984K, reserved 1048576K
}
Event: 4230.164 GC heap before
{Heap before GC invocations=46 (full 5):
 PSYoungGen      total 455168K, used 386008K [0x00000000e0000000, 0x0000000100000000, 0x0000000100000000)
  eden space 388096K, 89% used [0x00000000e0000000,0x00000000f5489ee0,0x00000000f7b00000)
  from space 67072K, 55% used [0x00000000fbd80000,0x00000000fe1ec180,0x00000000fff00000)
  to   space 68096K, 0% used [0x00000000f7b00000,0x00000000f7b00000,0x00000000fbd80000)
 ParOldGen       total 337408K, used 179424K [0x00000000a0000000, 0x00000000b4980000, 0x00000000e0000000)
  object space 337408K, 53% used [0x00000000a0000000,0x00000000aaf38118,0x00000000b4980000)
 Metaspace       used 130697K, capacity 137757K, committed 138048K, reserved 1169408K
  class space    used 16553K, capacity 17908K, committed 17984K, reserved 1048576K
Event: 4230.179 GC heap after
Heap after GC invocations=46 (full 5):
 PSYoungGen      total 456192K, used 7399K [0x00000000e0000000, 0x00000000fff80000, 0x0000000100000000)
  eden space 388096K, 0% used [0x00000000e0000000,0x00000000e0000000,0x00000000f7b00000)
  from space 68096K, 10% used [0x00000000f7b00000,0x00000000f8239ce0,0x00000000fbd80000)
  to   space 66560K, 0% used [0x00000000fbe80000,0x00000000fbe80000,0x00000000fff80000)
 ParOldGen       total 337408K, used 179432K [0x00000000a0000000, 0x00000000b4980000, 0x00000000e0000000)
  object space 337408K, 53% used [0x00000000a0000000,0x00000000aaf3a118,0x00000000b4980000)
 Metaspace       used 130697K, capacity 137757K, committed 138048K, reserved 1169408K
  class space    used 16553K, capacity 17908K, committed 17984K, reserved 1048576K
}
Event: 4230.179 GC heap before
{Heap before GC invocations=47 (full 6):
 PSYoungGen      total 456192K, used 7399K [0x00000000e0000000, 0x00000000fff80000, 0x0000000100000000)
  eden space 388096K, 0% used [0x00000000e0000000,0x00000000e0000000,0x00000000f7b00000)
  from space 68096K, 10% used [0x00000000f7b00000,0x00000000f8239ce0,0x00000000fbd80000)
  to   space 66560K, 0% used [0x00000000fbe80000,0x00000000fbe80000,0x00000000fff80000)
 ParOldGen       total 337408K, used 179432K [0x00000000a0000000, 0x00000000b4980000, 0x00000000e0000000)
  object space 337408K, 53% used [0x00000000a0000000,0x00000000aaf3a118,0x00000000b4980000)
 Metaspace       used 130697K, capacity 137757K, committed 138048K, reserved 1169408K
  class space    used 16553K, capacity 17908K, committed 17984K, reserved 1048576K
Event: 4232.038 GC heap after
Heap after GC invocations=47 (full 6):
 PSYoungGen      total 456192K, used 0K [0x00000000e0000000, 0x00000000fff80000, 0x0000000100000000)
  eden space 388096K, 0% used [0x00000000e0000000,0x00000000e0000000,0x00000000f7b00000)
  from space 68096K, 0% used [0x00000000f7b00000,0x00000000f7b00000,0x00000000fbd80000)
  to   space 66560K, 0% used [0x00000000fbe80000,0x00000000fbe80000,0x00000000fff80000)
 ParOldGen       total 337408K, used 72537K [0x00000000a0000000, 0x00000000b4980000, 0x00000000e0000000)
  object space 337408K, 21% used [0x00000000a0000000,0x00000000a46d6698,0x00000000b4980000)
 Metaspace       used 129778K, capacity 136057K, committed 138048K, reserved 1169408K
  class space    used 16388K, capacity 17586K, committed 17984K, reserved 1048576K
}

Deoptimization events (10 events):
Event: 3456.142 Thread 0x000000001c408800 Uncommon trap: reason=bimorphic action=maybe_recompile pc=0x0000000005beab84 method=com.google.common.collect.Sets.hashCodeImpl(Ljava/util/Set;)I @ 3
Event: 3456.180 Thread 0x000000001fcc5000 Uncommon trap: reason=unstable_if action=reinterpret pc=0x00000000032ed014 method=java.lang.ref.SoftReference.get()Ljava/lang/Object; @ 6
Event: 3456.180 Thread 0x000000001fcc5000 Uncommon trap: reason=unstable_if action=reinterpret pc=0x0000000004108a08 method=java.util.Arrays.equals([Ljava/lang/Object;[Ljava/lang/Object;)Z @ 12
Event: 3456.203 Thread 0x000000001fcc5000 Uncommon trap: reason=unstable_if action=reinterpret pc=0x0000000004ab65bc method=java.lang.ref.SoftReference.get()Ljava/lang/Object; @ 6
Event: 3456.203 Thread 0x000000001fcc5000 Uncommon trap: reason=unstable_if action=reinterpret pc=0x0000000003233168 method=java.util.concurrent.ConcurrentHashMap.replaceNode(Ljava/lang/Object;Ljava/lang/Object;Ljava/lang/Object;)Ljava/lang/Object; @ 136
Event: 4292.208 Thread 0x000000002597a000 Uncommon trap: reason=unstable_if action=reinterpret pc=0x0000000004467f60 method=java.lang.ref.SoftReference.get()Ljava/lang/Object; @ 6
Event: 4292.936 Thread 0x000000002597a000 Uncommon trap: reason=class_check action=maybe_recompile pc=0x000000000460daa8 method=com.sun.org.apache.xerces.internal.dom.NamedNodeMapImpl.getNamedItem(Ljava/lang/String;)Lorg/w3c/dom/Node; @ 28
Event: 4292.936 Thread 0x000000002597a000 Uncommon trap: reason=class_check action=maybe_recompile pc=0x000000000460daa8 method=com.sun.org.apache.xerces.internal.dom.NamedNodeMapImpl.getNamedItem(Ljava/lang/String;)Lorg/w3c/dom/Node; @ 28
Event: 4292.936 Thread 0x000000002597a000 Uncommon trap: reason=class_check action=maybe_recompile pc=0x000000000460daa8 method=com.sun.org.apache.xerces.internal.dom.NamedNodeMapImpl.getNamedItem(Ljava/lang/String;)Lorg/w3c/dom/Node; @ 28
Event: 4293.059 Thread 0x000000002597a000 Uncommon trap: reason=bimorphic action=maybe_recompile pc=0x0000000006f39b0c method=com.android.ide.common.resources.NodeUtils.processSingleNodeNamespace(Lorg/w3c/dom/Node;Lorg/w3c/dom/Document;)Z @ 100

Classes redefined (0 events):
No events

Internal exceptions (10 events):
Event: 4287.852 Thread 0x000000002597a000 Exception <a 'sun/nio/fs/WindowsException'> (0x00000000e3c80350) thrown at [D:\src\AOSP-openjdk-cygwin\jdk8u\hotspot\src\share\vm\prims\jni.cpp, line 710]
Event: 4287.852 Thread 0x000000002597a000 Exception <a 'sun/nio/fs/WindowsException'> (0x00000000e3c80ed8) thrown at [D:\src\AOSP-openjdk-cygwin\jdk8u\hotspot\src\share\vm\prims\jni.cpp, line 710]
Event: 4287.852 Thread 0x000000002597a000 Exception <a 'sun/nio/fs/WindowsException'> (0x00000000e3c83088) thrown at [D:\src\AOSP-openjdk-cygwin\jdk8u\hotspot\src\share\vm\prims\jni.cpp, line 710]
Event: 4287.852 Thread 0x000000002597a000 Exception <a 'sun/nio/fs/WindowsException'> (0x00000000e3c83c30) thrown at [D:\src\AOSP-openjdk-cygwin\jdk8u\hotspot\src\share\vm\prims\jni.cpp, line 710]
Event: 4287.852 Thread 0x000000002597a000 Exception <a 'sun/nio/fs/WindowsException'> (0x00000000e3c869e8) thrown at [D:\src\AOSP-openjdk-cygwin\jdk8u\hotspot\src\share\vm\prims\jni.cpp, line 710]
Event: 4287.852 Thread 0x000000002597a000 Exception <a 'sun/nio/fs/WindowsException'> (0x00000000e3c875d0) thrown at [D:\src\AOSP-openjdk-cygwin\jdk8u\hotspot\src\share\vm\prims\jni.cpp, line 710]
Event: 4287.852 Thread 0x000000002597a000 Exception <a 'sun/nio/fs/WindowsException'> (0x00000000e3c89870) thrown at [D:\src\AOSP-openjdk-cygwin\jdk8u\hotspot\src\share\vm\prims\jni.cpp, line 710]
Event: 4287.852 Thread 0x000000002597a000 Exception <a 'sun/nio/fs/WindowsException'> (0x00000000e3c8a468) thrown at [D:\src\AOSP-openjdk-cygwin\jdk8u\hotspot\src\share\vm\prims\jni.cpp, line 710]
Event: 4290.891 Thread 0x000000002597a000 Exception <a 'java/net/SocketTimeoutException': Read timed out> (0x00000000e49975f0) thrown at [D:\src\AOSP-openjdk-cygwin\jdk8u\hotspot\src\share\vm\prims\jni.cpp, line 736]
Event: 4292.208 Thread 0x000000002597a000 Implicit null exception at 0x000000000446761d to 0x0000000004467f45

Events (10 events):
Event: 4293.190 Thread 0x000000001b6ed000 Thread added: 0x000000001b6ed000
Event: 4293.190 Thread 0x000000001b6e6000 Thread added: 0x000000001b6e6000
Event: 4293.190 Thread 0x000000001b6f3000 Thread added: 0x000000001b6f3000
Event: 4293.190 Executing VM operation: RevokeBias
Event: 4293.190 Thread 0x000000001b6f1000 Thread added: 0x000000001b6f1000
Event: 4293.190 Executing VM operation: RevokeBias done
Event: 4293.249 Thread 0x000000001b6ee000 Thread added: 0x000000001b6ee000
Event: 4293.249 Thread 0x000000001b6f1800 Thread added: 0x000000001b6f1800
Event: 4293.334 Thread 0x000000001b6ef800 Thread added: 0x000000001b6ef800
Event: 4293.334 Thread 0x000000001b6f2800 Thread added: 0x000000001b6f2800


Dynamic libraries:
0x00007ff746550000 - 0x00007ff746581000 	C:\Program Files\Android\Android Studio\jre\bin\java.exe
0x00007ffd0c7a0000 - 0x00007ffd0c990000 	C:\WINDOWS\SYSTEM32\ntdll.dll
0x00007ffd0ab20000 - 0x00007ffd0abd2000 	C:\WINDOWS\System32\KERNEL32.DLL
0x00007ffd09780000 - 0x00007ffd09a23000 	C:\WINDOWS\System32\KERNELBASE.dll
0x00007ffd0c5a0000 - 0x00007ffd0c643000 	C:\WINDOWS\System32\ADVAPI32.dll
0x00007ffd0ac90000 - 0x00007ffd0ad2e000 	C:\WINDOWS\System32\msvcrt.dll
0x00007ffd0c030000 - 0x00007ffd0c0c7000 	C:\WINDOWS\System32\sechost.dll
0x00007ffd0a930000 - 0x00007ffd0aa50000 	C:\WINDOWS\System32\RPCRT4.dll
0x00007ffd0ad40000 - 0x00007ffd0aed4000 	C:\WINDOWS\System32\USER32.dll
0x00007ffd09750000 - 0x00007ffd09771000 	C:\WINDOWS\System32\win32u.dll
0x00007ffd0c430000 - 0x00007ffd0c456000 	C:\WINDOWS\System32\GDI32.dll
0x00007ffd0a2e0000 - 0x00007ffd0a474000 	C:\WINDOWS\System32\gdi32full.dll
0x00007ffd0a480000 - 0x00007ffd0a51e000 	C:\WINDOWS\System32\msvcp_win.dll
0x00007ffd0a1e0000 - 0x00007ffd0a2da000 	C:\WINDOWS\System32\ucrtbase.dll
0x00007ffcf7e70000 - 0x00007ffcf80f5000 	C:\WINDOWS\WinSxS\amd64_microsoft.windows.common-controls_6595b64144ccf1df_6.0.18362.720_none_e6beb5c51314836b\COMCTL32.dll
0x00007ffd0bb00000 - 0x00007ffd0be36000 	C:\WINDOWS\System32\combase.dll
0x00007ffd0a520000 - 0x00007ffd0a5a0000 	C:\WINDOWS\System32\bcryptPrimitives.dll
0x00007ffd0b350000 - 0x00007ffd0b37e000 	C:\WINDOWS\System32\IMM32.DLL
0x0000000076b10000 - 0x0000000076be2000 	C:\Program Files\Android\Android Studio\jre\jre\bin\msvcr100.dll
0x0000000075560000 - 0x0000000075da6000 	C:\Program Files\Android\Android Studio\jre\jre\bin\server\jvm.dll
0x00007ffd0ad30000 - 0x00007ffd0ad38000 	C:\WINDOWS\System32\PSAPI.DLL
0x00007ffd04750000 - 0x00007ffd0475a000 	C:\WINDOWS\SYSTEM32\VERSION.dll
0x00007ffd016f0000 - 0x00007ffd01714000 	C:\WINDOWS\SYSTEM32\WINMM.dll
0x00007ffd085c0000 - 0x00007ffd085c9000 	C:\WINDOWS\SYSTEM32\WSOCK32.dll
0x00007ffd0c280000 - 0x00007ffd0c2ef000 	C:\WINDOWS\System32\WS2_32.dll
0x00007ffd014b0000 - 0x00007ffd014dd000 	C:\WINDOWS\SYSTEM32\winmmbase.dll
0x00007ffd0a600000 - 0x00007ffd0a64a000 	C:\WINDOWS\System32\cfgmgr32.dll
0x00007ffd041c0000 - 0x00007ffd041cf000 	C:\Program Files\Android\Android Studio\jre\jre\bin\verify.dll
0x00007ffd03d00000 - 0x00007ffd03d29000 	C:\Program Files\Android\Android Studio\jre\jre\bin\java.dll
0x00007ffd03c20000 - 0x00007ffd03c36000 	C:\Program Files\Android\Android Studio\jre\jre\bin\zip.dll
0x00007ffd0b3a0000 - 0x00007ffd0ba85000 	C:\WINDOWS\System32\SHELL32.dll
0x00007ffd0c6b0000 - 0x00007ffd0c759000 	C:\WINDOWS\System32\shcore.dll
0x00007ffd09a30000 - 0x00007ffd0a1b0000 	C:\WINDOWS\System32\windows.storage.dll
0x00007ffd09670000 - 0x00007ffd09693000 	C:\WINDOWS\System32\profapi.dll
0x00007ffd096e0000 - 0x00007ffd0972a000 	C:\WINDOWS\System32\powrprof.dll
0x00007ffd09660000 - 0x00007ffd09670000 	C:\WINDOWS\System32\UMPDC.dll
0x00007ffd0c540000 - 0x00007ffd0c592000 	C:\WINDOWS\System32\shlwapi.dll
0x00007ffd096a0000 - 0x00007ffd096b1000 	C:\WINDOWS\System32\kernel.appcore.dll
0x00007ffd09730000 - 0x00007ffd09747000 	C:\WINDOWS\System32\cryptsp.dll
0x00007ffd02030000 - 0x00007ffd0204a000 	C:\Program Files\Android\Android Studio\jre\jre\bin\net.dll
0x00007ffd08ed0000 - 0x00007ffd08f37000 	C:\WINDOWS\system32\mswsock.dll
0x00007ffd02010000 - 0x00007ffd02021000 	C:\Program Files\Android\Android Studio\jre\jre\bin\nio.dll
0x00007ffd01030000 - 0x00007ffd0104e000 	C:\Users\Vince\.gradle\native\25\windows-amd64\native-platform.dll
0x00007ffd03ce0000 - 0x00007ffd03ced000 	C:\Program Files\Android\Android Studio\jre\jre\bin\management.dll
0x00007ffd08a40000 - 0x00007ffd08a73000 	C:\WINDOWS\system32\rsaenh.dll
0x00007ffd0a1b0000 - 0x00007ffd0a1d6000 	C:\WINDOWS\System32\bcrypt.dll
0x00007ffd09550000 - 0x00007ffd09575000 	C:\WINDOWS\SYSTEM32\USERENV.dll
0x00007ffd090a0000 - 0x00007ffd090ac000 	C:\WINDOWS\SYSTEM32\CRYPTBASE.dll
0x00007ffd08be0000 - 0x00007ffd08c1a000 	C:\WINDOWS\SYSTEM32\IPHLPAPI.DLL
0x00007ffd0c020000 - 0x00007ffd0c028000 	C:\WINDOWS\System32\NSI.dll
0x00007ffd047d0000 - 0x00007ffd047e6000 	C:\WINDOWS\SYSTEM32\dhcpcsvc6.DLL
0x00007ffd05060000 - 0x00007ffd0507c000 	C:\WINDOWS\SYSTEM32\dhcpcsvc.DLL
0x00007ffd08c20000 - 0x00007ffd08cea000 	C:\WINDOWS\SYSTEM32\DNSAPI.dll
0x00007ffcffab0000 - 0x00007ffcffad4000 	C:\Program Files\Android\Android Studio\jre\jre\bin\sunec.dll
0x00007ffd00850000 - 0x00007ffd0085a000 	C:\Windows\System32\rasadhlp.dll
0x00007ffd04670000 - 0x00007ffd046e7000 	C:\WINDOWS\System32\fwpuclnt.dll
0x00007ffd02d90000 - 0x00007ffd02d9b000 	C:\Program Files\Android\Android Studio\jre\jre\bin\sunmscapi.dll
0x00007ffd0a700000 - 0x00007ffd0a849000 	C:\WINDOWS\System32\CRYPT32.dll
0x00007ffd096c0000 - 0x00007ffd096d2000 	C:\WINDOWS\System32\MSASN1.dll
0x00007ffd084b0000 - 0x00007ffd084e1000 	C:\WINDOWS\SYSTEM32\ntmarta.dll
0x00007ffd00ca0000 - 0x00007ffd00cbe000 	C:\Users\Vince\AppData\Local\Temp\native-platform4185401465685948216dir\native-platform.dll

VM Arguments:
jvm_args: -Xmx1536m -Dfile.encoding=windows-1252 -Duser.country=PH -Duser.language=en -Duser.variant 
java_command: org.gradle.launcher.daemon.bootstrap.GradleDaemon 4.10.1
java_class_path (initial): C:\Users\Vince\.gradle\wrapper\dists\gradle-4.10.1-all\455itskqi2qtf0v2sja68alqd\gradle-4.10.1\lib\gradle-launcher-4.10.1.jar
Launcher Type: SUN_STANDARD

Environment Variables:
JAVA_HOME=C:\Program Files\Java\jdk1.8.0_201;C:\MinGW\bin
PATH=C:\Program Files\Microsoft MPI\Bin\;C:\Program Files (x86)\Common Files\Oracle\Java\javapath;C:\Program Files (x86)\Intel\iCLS Client\;C:\Program Files\Intel\iCLS Client\;C:\Windows\system32;C:\Windows;C:\Windows\System32\Wbem;C:\Windows\System32\WindowsPowerShell\v1.0\;C:\Program Files\Intel\WiFi\bin\;C:\Program Files\Common Files\Intel\WirelessCommon\;C:\Program Files (x86)\NVIDIA Corporation\PhysX\Common;C:\Program Files (x86)\Intel\Intel(R) Management Engine Components\DAL;C:\Program Files\Intel\Intel(R) Management Engine Components\DAL;C:\Program Files (x86)\Intel\Intel(R) Management Engine Components\IPT;C:\Program Files\Intel\Intel(R) Management Engine Components\IPT;C:\Program Files\Acer ProShield\;C:\Program Files\Acer ProShield\x86;C:\WINDOWS\system32;C:\WINDOWS;C:\WINDOWS\System32\Wbem;C:\WINDOWS\System32\WindowsPowerShell\v1.0\;C:\WINDOWS\System32\OpenSSH\;C:\MinGW\bin;C:\Program Files\Git\cmd;C:\Program Files\Java\jdk1.8.0_201\bin;C:\adb;C:\Program Files\nodejs\;C:\Program Files\Java\jdk1.8.0_201\bin;C:\Users\Vince\AppData\Roaming\npm
USERNAME=Vince
OS=Windows_NT
PROCESSOR_IDENTIFIER=Intel64 Family 6 Model 142 Stepping 9, GenuineIntel



---------------  S Y S T E M  ---------------

OS: Windows 10.0 , 64 bit Build 18362 (10.0.18362.329)

CPU:total 4 (initial active 4) (2 cores per cpu, 2 threads per core) family 6 model 142 stepping 9, cmov, cx8, fxsr, mmx, sse, sse2, sse3, ssse3, sse4.1, sse4.2, popcnt, avx, avx2, aes, clmul, erms, 3dnowpref, lzcnt, ht, tsc, tscinvbit, bmi1, bmi2, adx

Memory: 4k page, physical 8253672k(670388k free), swap 10202344k(3708k free)

vm_info: OpenJDK 64-Bit Server VM (25.202-b03) for windows-amd64 JRE (1.8.0_202-release-1483-b03), built by "builder" with MS VC++ 10.0 (VS2010)

time: Mon Mar 16 17:11:08 2020
timezone: China Standard Time
elapsed time: 4293 seconds (0d 1h 11m 33s)

